0 info it worked if it ends with ok
1 verbose cli [ 'C:\\Verify\\verify-local-patterns-master\\node.exe',
1 verbose cli   'C:\\Verify\\verify-local-patterns-master\\node_modules\\npm\\bin\\npm-cli.js',
1 verbose cli   'start' ]
2 info using npm@3.10.10
3 info using node@v6.10.0
4 verbose run-script [ 'prestart', 'start', 'poststart' ]
5 info lifecycle express-prototype@5.0.0~prestart: express-prototype@5.0.0
6 silly lifecycle express-prototype@5.0.0~prestart: no script for prestart, continuing
7 info lifecycle express-prototype@5.0.0~start: express-prototype@5.0.0
8 verbose lifecycle express-prototype@5.0.0~start: unsafe-perm in lifecycle true
9 verbose lifecycle express-prototype@5.0.0~start: PATH: C:\Verify\verify-local-patterns-master\node_modules\npm\bin\node-gyp-bin;C:\Verify\verify-local-patterns-master\node_modules\.bin;C:\Oracle\product\11.2.0\client_1\bin;C:\WINDOWS\system32;C:\WINDOWS;C:\WINDOWS\System32\Wbem;C:\WINDOWS\System32\WindowsPowerShell\v1.0\;C:\Windows\CCM;C:\Program Files (x86)\Microsoft SQL Server\110\Tools\Binn\ManagementStudio\;C:\Program Files (x86)\Microsoft SQL Server\110\Tools\Binn\;C:\Program Files\Microsoft SQL Server\110\Tools\Binn\;C:\Program Files (x86)\Microsoft SQL Server\110\DTS\Binn\;C:\Program Files (x86)\Windows Kits\8.1\Windows Performance Toolkit\;C:\Program Files (x86)\Git\cmd;C:\Program Files\Shibboleth\SP\lib;C:\Program Files (x86)\Shibboleth\SP\lib;C:\Verify\verify-local-patterns-master\;C:\Users\rosemary.holliday\AppData\Roaming\npm
10 verbose lifecycle express-prototype@5.0.0~start: CWD: C:\Verify\verify-local-patterns-master
11 silly lifecycle express-prototype@5.0.0~start: Args: [ '/d /s /c', 'node start.js' ]
12 verbose stack Error: kill ENOSYS
12 verbose stack     at exports._errnoException (util.js:1022:11)
12 verbose stack     at process.kill (internal/process.js:172:13)
12 verbose stack     at process.listener (C:\Verify\verify-local-patterns-master\node_modules\npm\node_modules\npmlog\node_modules\gauge\node_modules\signal-exit\index.js:86:15)
12 verbose stack     at emitNone (events.js:91:20)
12 verbose stack     at process.emit (events.js:185:7)
12 verbose stack     at processEmit (C:\Verify\verify-local-patterns-master\node_modules\npm\node_modules\npmlog\node_modules\gauge\node_modules\signal-exit\index.js:146:32)
12 verbose stack     at processEmit (C:\Verify\verify-local-patterns-master\node_modules\npm\node_modules\npm-registry-client\node_modules\npmlog\node_modules\gauge\node_modules\signal-exit\index.js:146:32)
12 verbose stack     at Signal.wrap.onsignal (internal/process.js:199:44)
13 verbose cwd C:\Verify\verify-local-patterns-master
14 error Windows_NT 6.1.7601
15 error argv "C:\\Verify\\verify-local-patterns-master\\node.exe" "C:\\Verify\\verify-local-patterns-master\\node_modules\\npm\\bin\\npm-cli.js" "start"
16 error node v6.10.0
17 error npm  v3.10.10
18 error code ENOSYS
19 error errno ENOSYS
20 error syscall kill
21 error kill ENOSYS
22 error If you need help, you may report this error at:
22 error     <https://github.com/npm/npm/issues>
23 verbose exit [ 1, true ]
